[2026-03-05 20:31:49] Starting deployment at Thu Mar  5 08:31:49 PM IST 2026
[0;34m[INFO][0m Running pre-flight checks...
[0;32m[SUCCESS][0m All pre-flight checks passed!
[0;34m[INFO][0m Initializing Terraform...
[0;34m[INFO][0m Deployment process finished
[2026-03-05 20:31:59] Full deployment log available at: /home/om/Desktop/toors-travels/travels-Toors/deployment.log
[2026-03-05 22:18:15] Starting deployment at Thu Mar  5 10:18:15 PM IST 2026
[0;34m[INFO][0m Running pre-flight checks...
[0;32m[SUCCESS][0m All pre-flight checks passed!
[0;34m[INFO][0m Initializing Terraform...
[0;34m[INFO][0m Deployment process finished
[2026-03-05 22:18:22] Full deployment log available at: /home/om/Desktop/toors-travels/travels-Toors/deployment.log
[2026-03-05 22:18:58] Starting deployment at Thu Mar  5 10:18:58 PM IST 2026
[0;34m[INFO][0m Running pre-flight checks...
[0;32m[SUCCESS][0m All pre-flight checks passed!
[0;34m[INFO][0m Initializing Terraform...
[2026-03-05 22:38:04] Starting deployment at Thu Mar  5 10:38:04 PM IST 2026
[0;34m[INFO][0m Running pre-flight checks...
[0;32m[SUCCESS][0m All pre-flight checks passed!
[0;34m[INFO][0m Initializing Terraform...
[0;34m[INFO][0m Deployment process finished
[2026-03-05 22:39:51] Full deployment log available at: /home/om/Desktop/toors-travels/travels-Toors/deployment.log
[2026-03-07 21:13:38] Starting deployment at Sat Mar  7 09:13:38 PM IST 2026
[0;34m[INFO][0m Running pre-flight checks...
[0;32m[SUCCESS][0m All pre-flight checks passed!
[0;34m[INFO][0m Initializing Terraform...
[0;34m[INFO][0m Deployment process finished
[2026-03-07 21:16:08] Full deployment log available at: /home/om/Desktop/toors-travels/travels-Toors/deployment.log
[2026-03-07 21:54:50] Starting deployment at Sat Mar  7 09:54:50 PM IST 2026
[0;34m[INFO][0m Running pre-flight checks...
[0;32m[SUCCESS][0m All pre-flight checks passed!
[0;34m[INFO][0m Initializing Terraform...
[0;32m[SUCCESS][0m Terraform initialization completed!
[0;34m[INFO][0m Validating Terraform configuration...
[0;32m[SUCCESS][0m Terraform configuration is valid!
[0;34m[INFO][0m Planning Terraform deployment...
[0;34m[INFO][0m Deployment process finished
[2026-03-07 22:05:31] Full deployment log available at: /home/om/Desktop/toors-travels/travels-Toors/deployment.log
[2026-03-07 22:06:08] Starting deployment at Sat Mar  7 10:06:08 PM IST 2026
[0;34m[INFO][0m Running pre-flight checks...
[0;32m[SUCCESS][0m All pre-flight checks passed!
[0;34m[INFO][0m Initializing Terraform...
[0;32m[SUCCESS][0m Terraform initialization completed!
[0;34m[INFO][0m Validating Terraform configuration...
[0;32m[SUCCESS][0m Terraform configuration is valid!
[0;34m[INFO][0m Planning Terraform deployment...
[0;34m[INFO][0m Plan file saved: terraform_2026-03-07_22-06-08.tfplan
[0;34m[INFO][0m Applying Terraform configuration...
[0;34m[INFO][0m Deployment process finished
[2026-03-07 22:15:08] Full deployment log available at: /home/om/Desktop/toors-travels/travels-Toors/deployment.log
[2026-03-07 22:16:50] Starting deployment at Sat Mar  7 10:16:50 PM IST 2026
[0;34m[INFO][0m Running pre-flight checks...
[0;32m[SUCCESS][0m All pre-flight checks passed!
[0;34m[INFO][0m Initializing Terraform...
[0;32m[SUCCESS][0m Terraform initialization completed!
[0;34m[INFO][0m Validating Terraform configuration...
[0;34m[INFO][0m Deployment process finished
[2026-03-07 22:17:22] Full deployment log available at: /home/om/Desktop/toors-travels/travels-Toors/deployment.log
[2026-03-07 22:17:34] Starting deployment at Sat Mar  7 10:17:34 PM IST 2026
[0;34m[INFO][0m Running pre-flight checks...
[0;32m[SUCCESS][0m All pre-flight checks passed!
[0;34m[INFO][0m Initializing Terraform...
[0;32m[SUCCESS][0m Terraform initialization completed!
[0;34m[INFO][0m Validating Terraform configuration...
[0;32m[SUCCESS][0m Terraform configuration is valid!
[0;34m[INFO][0m Planning Terraform deployment...
[0;34m[INFO][0m Plan file saved: terraform_2026-03-07_22-17-34.tfplan
[0;34m[INFO][0m Applying Terraform configuration...
[0;32m[SUCCESS][0m Terraform apply completed!
[0;34m[INFO][0m Retrieving Terraform outputs...
[0;34m[INFO][0m Running Ansible deployment playbook...
[0;34m[INFO][0m Deployment process finished
[2026-03-07 22:19:16] Full deployment log available at: /home/om/Desktop/toors-travels/travels-Toors/deployment.log
